# JRE version: OpenJDK Runtime Environment Temurin-21.0.8+9 (21.0.8+9) (build 21.0.8+9-LTS)
# Java VM: OpenJDK 64-Bit Server VM Temurin-21.0.8+9 (21.0.8+9-LTS, mixed mode, sharing, tiered, compressed oops, compressed class ptrs, parallel gc, windows-amd64)
GC Precious Log:
 CardTable entry size: 512
 CPUs: 8 total, 8 available
 Memory: 8134M
 Large Page Support: Disabled
 NUMA Support: Disabled
 Compressed Oops: Enabled (32-bit)
 Alignments: Space 512K, Generation 512K, Heap 2M
 Heap Min Capacity: 100M
 Heap Initial Capacity: 100M
 Heap Max Capacity: 2G
 Pre-touch: Disabled
 Parallel Workers: 8
Heap:
 PSYoungGen      total 5120K, used 1887K [0x00000000d5580000, 0x00000000d5c80000, 0x0000000100000000)
  eden space 4608K, 40% used [0x00000000d5580000,0x00000000d5757c98,0x00000000d5a00000)
  from space 512K, 0% used [0x00000000d5b80000,0x00000000d5b80000,0x00000000d5c00000)
  to   space 512K, 0% used [0x00000000d5c00000,0x00000000d5c00000,0x00000000d5c80000)
 ParOldGen       total 912896K, used 249269K [0x0000000080000000, 0x00000000b7b80000, 0x00000000d5580000)
  object space 912896K, 27% used [0x0000000080000000,0x000000008f36d700,0x00000000b7b80000)
 Metaspace       used 86786K, committed 88640K, reserved 1179648K
  class space    used 9363K, committed 10176K, reserved 1048576K
GC Heap History (20 events):
Event: 402.387 GC heap before
{Heap before GC invocations=1294 (full 3):
 PSYoungGen      total 5120K, used 4832K [0x00000000d5580000, 0x00000000d5c80000, 0x0000000100000000)
  eden space 4608K, 100% used [0x00000000d5580000,0x00000000d5a00000,0x00000000d5a00000)
  from space 512K, 43% used [0x00000000d5c00000,0x00000000d5c38000,0x00000000d5c80000)
  to   space 512K, 0% used [0x00000000d5b80000,0x00000000d5b80000,0x00000000d5c00000)
 ParOldGen       total 911360K, used 911258K [0x0000000080000000, 0x00000000b7a00000, 0x00000000d5580000)
  object space 911360K, 99% used [0x0000000080000000,0x00000000b79e6908,0x00000000b7a00000)
 Metaspace       used 86698K, committed 88512K, reserved 1179648K
  class space    used 9367K, committed 10176K, reserved 1048576K
}
Event: 402.391 GC heap after
{Heap after GC invocations=1294 (full 3):
 PSYoungGen      total 5120K, used 512K [0x00000000d5580000, 0x00000000d5c80000, 0x0000000100000000)
  eden space 4608K, 0% used [0x00000000d5580000,0x00000000d5580000,0x00000000d5a00000)
  from space 512K, 100% used [0x00000000d5b80000,0x00000000d5c00000,0x00000000d5c00000)
  to   space 512K, 0% used [0x00000000d5c00000,0x00000000d5c00000,0x00000000d5c80000)
 ParOldGen       total 911872K, used 911418K [0x0000000080000000, 0x00000000b7a80000, 0x00000000d5580000)
  object space 911872K, 99% used [0x0000000080000000,0x00000000b7a0e908,0x00000000b7a80000)
 Metaspace       used 86698K, committed 88512K, reserved 1179648K
  class space    used 9367K, committed 10176K, reserved 1048576K
}
Event: 402.406 GC heap before
{Heap before GC invocations=1295 (full 3):
 PSYoungGen      total 5120K, used 5120K [0x00000000d5580000, 0x00000000d5c80000, 0x0000000100000000)
  eden space 4608K, 100% used [0x00000000d5580000,0x00000000d5a00000,0x00000000d5a00000)
  from space 512K, 100% used [0x00000000d5b80000,0x00000000d5c00000,0x00000000d5c00000)
  to   space 512K, 0% used [0x00000000d5c00000,0x00000000d5c00000,0x00000000d5c80000)
 ParOldGen       total 911872K, used 911418K [0x0000000080000000, 0x00000000b7a80000, 0x00000000d5580000)
  object space 911872K, 99% used [0x0000000080000000,0x00000000b7a0e908,0x00000000b7a80000)
 Metaspace       used 86698K, committed 88512K, reserved 1179648K
  class space    used 9367K, committed 10176K, reserved 1048576K
}
Event: 402.408 GC heap after
{Heap after GC invocations=1295 (full 3):
 PSYoungGen      total 5120K, used 256K [0x00000000d5580000, 0x00000000d5c80000, 0x0000000100000000)
  eden space 4608K, 0% used [0x00000000d5580000,0x00000000d5580000,0x00000000d5a00000)
  from space 512K, 50% used [0x00000000d5c00000,0x00000000d5c40000,0x00000000d5c80000)
  to   space 512K, 0% used [0x00000000d5b80000,0x00000000d5b80000,0x00000000d5c00000)
 ParOldGen       total 911872K, used 911586K [0x0000000080000000, 0x00000000b7a80000, 0x00000000d5580000)
  object space 911872K, 99% used [0x0000000080000000,0x00000000b7a38908,0x00000000b7a80000)
 Metaspace       used 86698K, committed 88512K, reserved 1179648K
  class space    used 9367K, committed 10176K, reserved 1048576K
}
Event: 402.435 GC heap before
{Heap before GC invocations=1296 (full 3):
 PSYoungGen      total 5120K, used 4864K [0x00000000d5580000, 0x00000000d5c80000, 0x0000000100000000)
  eden space 4608K, 100% used [0x00000000d5580000,0x00000000d5a00000,0x00000000d5a00000)
  from space 512K, 50% used [0x00000000d5c00000,0x00000000d5c40000,0x00000000d5c80000)
  to   space 512K, 0% used [0x00000000d5b80000,0x00000000d5b80000,0x00000000d5c00000)
 ParOldGen       total 911872K, used 911586K [0x0000000080000000, 0x00000000b7a80000, 0x00000000d5580000)
  object space 911872K, 99% used [0x0000000080000000,0x00000000b7a38908,0x00000000b7a80000)
 Metaspace       used 86721K, committed 88576K, reserved 1179648K
  class space    used 9367K, committed 10176K, reserved 1048576K
}
Event: 402.439 GC heap after
{Heap after GC invocations=1296 (full 3):
 PSYoungGen      total 5120K, used 288K [0x00000000d5580000, 0x00000000d5c80000, 0x0000000100000000)
  eden space 4608K, 0% used [0x00000000d5580000,0x00000000d5580000,0x00000000d5a00000)
  from space 512K, 56% used [0x00000000d5b80000,0x00000000d5bc8000,0x00000000d5c00000)
  to   space 512K, 0% used [0x00000000d5c00000,0x00000000d5c00000,0x00000000d5c80000)
 ParOldGen       total 911872K, used 911730K [0x0000000080000000, 0x00000000b7a80000, 0x00000000d5580000)
  object space 911872K, 99% used [0x0000000080000000,0x00000000b7a5c908,0x00000000b7a80000)
 Metaspace       used 86721K, committed 88576K, reserved 1179648K
  class space    used 9367K, committed 10176K, reserved 1048576K
}
Event: 402.484 GC heap before
{Heap before GC invocations=1297 (full 3):
 PSYoungGen      total 5120K, used 4896K [0x00000000d5580000, 0x00000000d5c80000, 0x0000000100000000)
  eden space 4608K, 100% used [0x00000000d5580000,0x00000000d5a00000,0x00000000d5a00000)
  from space 512K, 56% used [0x00000000d5b80000,0x00000000d5bc8000,0x00000000d5c00000)
  to   space 512K, 0% used [0x00000000d5c00000,0x00000000d5c00000,0x00000000d5c80000)
 ParOldGen       total 911872K, used 911730K [0x0000000080000000, 0x00000000b7a80000, 0x00000000d5580000)
  object space 911872K, 99% used [0x0000000080000000,0x00000000b7a5c908,0x00000000b7a80000)
 Metaspace       used 86723K, committed 88576K, reserved 1179648K
  class space    used 9367K, committed 10176K, reserved 1048576K
}
Event: 402.486 GC heap after
{Heap after GC invocations=1297 (full 3):
 PSYoungGen      total 5120K, used 288K [0x00000000d5580000, 0x00000000d5c80000, 0x0000000100000000)
  eden space 4608K, 0% used [0x00000000d5580000,0x00000000d5580000,0x00000000d5a00000)
  from space 512K, 56% used [0x00000000d5c00000,0x00000000d5c48000,0x00000000d5c80000)
  to   space 512K, 0% used [0x00000000d5b80000,0x00000000d5b80000,0x00000000d5c00000)
 ParOldGen       total 912384K, used 911930K [0x0000000080000000, 0x00000000b7b00000, 0x00000000d5580000)
  object space 912384K, 99% used [0x0000000080000000,0x00000000b7a8e908,0x00000000b7b00000)
 Metaspace       used 86723K, committed 88576K, reserved 1179648K
  class space    used 9367K, committed 10176K, reserved 1048576K
}
Event: 402.534 GC heap before
{Heap before GC invocations=1298 (full 3):
 PSYoungGen      total 5120K, used 4896K [0x00000000d5580000, 0x00000000d5c80000, 0x0000000100000000)
  eden space 4608K, 100% used [0x00000000d5580000,0x00000000d5a00000,0x00000000d5a00000)
  from space 512K, 56% used [0x00000000d5c00000,0x00000000d5c48000,0x00000000d5c80000)
  to   space 512K, 0% used [0x00000000d5b80000,0x00000000d5b80000,0x00000000d5c00000)
 ParOldGen       total 912384K, used 911930K [0x0000000080000000, 0x00000000b7b00000, 0x00000000d5580000)
  object space 912384K, 99% used [0x0000000080000000,0x00000000b7a8e908,0x00000000b7b00000)
 Metaspace       used 86725K, committed 88576K, reserved 1179648K
  class space    used 9367K, committed 10176K, reserved 1048576K
}
Event: 402.538 GC heap after
{Heap after GC invocations=1298 (full 3):
 PSYoungGen      total 5120K, used 320K [0x00000000d5580000, 0x00000000d5c80000, 0x0000000100000000)
  eden space 4608K, 0% used [0x00000000d5580000,0x00000000d5580000,0x00000000d5a00000)
  from space 512K, 62% used [0x00000000d5b80000,0x00000000d5bd0000,0x00000000d5c00000)
  to   space 512K, 0% used [0x00000000d5c00000,0x00000000d5c00000,0x00000000d5c80000)
 ParOldGen       total 912384K, used 912098K [0x0000000080000000, 0x00000000b7b00000, 0x00000000d5580000)
  object space 912384K, 99% used [0x0000000080000000,0x00000000b7ab8908,0x00000000b7b00000)
 Metaspace       used 86725K, committed 88576K, reserved 1179648K
  class space    used 9367K, committed 10176K, reserved 1048576K
}
Event: 402.606 GC heap before
{Heap before GC invocations=1299 (full 3):
 PSYoungGen      total 5120K, used 4928K [0x00000000d5580000, 0x00000000d5c80000, 0x0000000100000000)
  eden space 4608K, 100% used [0x00000000d5580000,0x00000000d5a00000,0x00000000d5a00000)
  from space 512K, 62% used [0x00000000d5b80000,0x00000000d5bd0000,0x00000000d5c00000)
  to   space 512K, 0% used [0x00000000d5c00000,0x00000000d5c00000,0x00000000d5c80000)
 ParOldGen       total 912384K, used 912098K [0x0000000080000000, 0x00000000b7b00000, 0x00000000d5580000)
  object space 912384K, 99% used [0x0000000080000000,0x00000000b7ab8908,0x00000000b7b00000)
 Metaspace       used 86728K, committed 88576K, reserved 1179648K
  class space    used 9367K, committed 10176K, reserved 1048576K
}
Event: 402.609 GC heap after
{Heap after GC invocations=1299 (full 3):
 PSYoungGen      total 5120K, used 256K [0x00000000d5580000, 0x00000000d5c80000, 0x0000000100000000)
  eden space 4608K, 0% used [0x00000000d5580000,0x00000000d5580000,0x00000000d5a00000)
  from space 512K, 50% used [0x00000000d5c00000,0x00000000d5c40000,0x00000000d5c80000)
  to   space 512K, 0% used [0x00000000d5b80000,0x00000000d5b80000,0x00000000d5c00000)
 ParOldGen       total 912384K, used 912274K [0x0000000080000000, 0x00000000b7b00000, 0x00000000d5580000)
  object space 912384K, 99% used [0x0000000080000000,0x00000000b7ae4908,0x00000000b7b00000)
 Metaspace       used 86728K, committed 88576K, reserved 1179648K
  class space    used 9367K, committed 10176K, reserved 1048576K
}
Event: 402.642 GC heap before
{Heap before GC invocations=1300 (full 3):
 PSYoungGen      total 5120K, used 4864K [0x00000000d5580000, 0x00000000d5c80000, 0x0000000100000000)
  eden space 4608K, 100% used [0x00000000d5580000,0x00000000d5a00000,0x00000000d5a00000)
  from space 512K, 50% used [0x00000000d5c00000,0x00000000d5c40000,0x00000000d5c80000)
  to   space 512K, 0% used [0x00000000d5b80000,0x00000000d5b80000,0x00000000d5c00000)
 ParOldGen       total 912384K, used 912274K [0x0000000080000000, 0x00000000b7b00000, 0x00000000d5580000)
  object space 912384K, 99% used [0x0000000080000000,0x00000000b7ae4908,0x00000000b7b00000)
 Metaspace       used 86735K, committed 88576K, reserved 1179648K
  class space    used 9367K, committed 10176K, reserved 1048576K
}
Event: 402.645 GC heap after
{Heap after GC invocations=1300 (full 3):
 PSYoungGen      total 5120K, used 256K [0x00000000d5580000, 0x00000000d5c80000, 0x0000000100000000)
  eden space 4608K, 0% used [0x00000000d5580000,0x00000000d5580000,0x00000000d5a00000)
  from space 512K, 50% used [0x00000000d5b80000,0x00000000d5bc0000,0x00000000d5c00000)
  to   space 512K, 0% used [0x00000000d5c00000,0x00000000d5c00000,0x00000000d5c80000)
 ParOldGen       total 912896K, used 912442K [0x0000000080000000, 0x00000000b7b80000, 0x00000000d5580000)
  object space 912896K, 99% used [0x0000000080000000,0x00000000b7b0e908,0x00000000b7b80000)
 Metaspace       used 86735K, committed 88576K, reserved 1179648K
  class space    used 9367K, committed 10176K, reserved 1048576K
}
Event: 402.684 GC heap before
{Heap before GC invocations=1301 (full 3):
 PSYoungGen      total 5120K, used 4864K [0x00000000d5580000, 0x00000000d5c80000, 0x0000000100000000)
  eden space 4608K, 100% used [0x00000000d5580000,0x00000000d5a00000,0x00000000d5a00000)
  from space 512K, 50% used [0x00000000d5b80000,0x00000000d5bc0000,0x00000000d5c00000)
  to   space 512K, 0% used [0x00000000d5c00000,0x00000000d5c00000,0x00000000d5c80000)
 ParOldGen       total 912896K, used 912442K [0x0000000080000000, 0x00000000b7b80000, 0x00000000d5580000)
  object space 912896K, 99% used [0x0000000080000000,0x00000000b7b0e908,0x00000000b7b80000)
 Metaspace       used 86745K, committed 88576K, reserved 1179648K
  class space    used 9367K, committed 10176K, reserved 1048576K
}
Event: 402.688 GC heap after
{Heap after GC invocations=1301 (full 3):
 PSYoungGen      total 5120K, used 224K [0x00000000d5580000, 0x00000000d5c80000, 0x0000000100000000)
  eden space 4608K, 0% used [0x00000000d5580000,0x00000000d5580000,0x00000000d5a00000)
  from space 512K, 43% used [0x00000000d5c00000,0x00000000d5c38000,0x00000000d5c80000)
  to   space 512K, 0% used [0x00000000d5b80000,0x00000000d5b80000,0x00000000d5c00000)
 ParOldGen       total 912896K, used 912586K [0x0000000080000000, 0x00000000b7b80000, 0x00000000d5580000)
  object space 912896K, 99% used [0x0000000080000000,0x00000000b7b32908,0x00000000b7b80000)
 Metaspace       used 86745K, committed 88576K, reserved 1179648K
  class space    used 9367K, committed 10176K, reserved 1048576K
}
Event: 411.851 GC heap before
{Heap before GC invocations=1302 (full 3):
 PSYoungGen      total 5120K, used 4651K [0x00000000d5580000, 0x00000000d5c80000, 0x0000000100000000)
  eden space 4608K, 96% used [0x00000000d5580000,0x00000000d59d2fb0,0x00000000d5a00000)
  from space 512K, 43% used [0x00000000d5c00000,0x00000000d5c38000,0x00000000d5c80000)
  to   space 512K, 0% used [0x00000000d5b80000,0x00000000d5b80000,0x00000000d5c00000)
 ParOldGen       total 912896K, used 912586K [0x0000000080000000, 0x00000000b7b80000, 0x00000000d5580000)
  object space 912896K, 99% used [0x0000000080000000,0x00000000b7b32908,0x00000000b7b80000)
 Metaspace       used 86785K, committed 88640K, reserved 1179648K
  class space    used 9368K, committed 10176K, reserved 1048576K
}
Event: 411.854 GC heap after
{Heap after GC invocations=1302 (full 3):
 PSYoungGen      total 5120K, used 373K [0x00000000d5580000, 0x00000000d5c80000, 0x0000000100000000)
  eden space 4608K, 0% used [0x00000000d5580000,0x00000000d5580000,0x00000000d5a00000)
  from space 512K, 72% used [0x00000000d5b80000,0x00000000d5bdd448,0x00000000d5c00000)
  to   space 512K, 0% used [0x00000000d5c00000,0x00000000d5c00000,0x00000000d5c80000)
 ParOldGen       total 912896K, used 912762K [0x0000000080000000, 0x00000000b7b80000, 0x00000000d5580000)
  object space 912896K, 99% used [0x0000000080000000,0x00000000b7b5e908,0x00000000b7b80000)
 Metaspace       used 86785K, committed 88640K, reserved 1179648K
  class space    used 9368K, committed 10176K, reserved 1048576K
}
Event: 411.854 GC heap before
{Heap before GC invocations=1303 (full 4):
 PSYoungGen      total 5120K, used 373K [0x00000000d5580000, 0x00000000d5c80000, 0x0000000100000000)
  eden space 4608K, 0% used [0x00000000d5580000,0x00000000d5580000,0x00000000d5a00000)
  from space 512K, 72% used [0x00000000d5b80000,0x00000000d5bdd448,0x00000000d5c00000)
  to   space 512K, 0% used [0x00000000d5c00000,0x00000000d5c00000,0x00000000d5c80000)
 ParOldGen       total 912896K, used 912762K [0x0000000080000000, 0x00000000b7b80000, 0x00000000d5580000)
  object space 912896K, 99% used [0x0000000080000000,0x00000000b7b5e908,0x00000000b7b80000)
 Metaspace       used 86785K, committed 88640K, reserved 1179648K
  class space    used 9368K, committed 10176K, reserved 1048576K
}
Event: 412.189 GC heap after
{Heap after GC invocations=1303 (full 4):
 PSYoungGen      total 5120K, used 0K [0x00000000d5580000, 0x00000000d5c80000, 0x0000000100000000)
  eden space 4608K, 0% used [0x00000000d5580000,0x00000000d5580000,0x00000000d5a00000)
  from space 512K, 0% used [0x00000000d5b80000,0x00000000d5b80000,0x00000000d5c00000)
  to   space 512K, 0% used [0x00000000d5c00000,0x00000000d5c00000,0x00000000d5c80000)
 ParOldGen       total 912896K, used 249269K [0x0000000080000000, 0x00000000b7b80000, 0x00000000d5580000)
  object space 912896K, 27% used [0x0000000080000000,0x000000008f36d700,0x00000000b7b80000)
 Metaspace       used 86739K, committed 88640K, reserved 1179648K
  class space    used 9355K, committed 10176K, reserved 1048576K
}

